<?xml version="1.0" encoding="UTF-8"?>
<testsuite xmlns:xsi="http://www.w3.org/2001/XMLSchema-instance" xsi:noNamespaceSchemaLocation="https://maven.apache.org/surefire/maven-surefire-plugin/xsd/surefire-test-report.xsd" name="BonusServiceTest" time="0.16" tests="4" errors="0" skipped="0" failures="2">
  <properties>
[...]
</properties>
  <testcase name="shouldCalculateRegisteredAndBonusLimited" classname="BonusServiceTest" time="0.083"/>
  <testcase name="shouldCalculateNotRegisteredAndBonusNotLimited" classname="BonusServiceTest" time="0.034">
    <failure message="expected: &lt;0&gt; but was: &lt;10&gt;" type="org.opentest4j.AssertionFailedError"><![CDATA[org.opentest4j.AssertionFailedError: expected: <0> but was: <10>
	at BonusServiceTest.shouldCalculateNotRegisteredAndBonusNotLimited(BonusServiceTest.java:62)
]]></failure>
  </testcase>
  <testcase name="shouldCalculateNotRegisteredAndBonusLimited" classname="BonusServiceTest" time="0.002">
    <failure message="expected: &lt;0&gt; but was: &lt;500&gt;" type="org.opentest4j.AssertionFailedError"><![CDATA[org.opentest4j.AssertionFailedError: expected: <0> but was: <500>
	at BonusServiceTest.shouldCalculateNotRegisteredAndBonusLimited(BonusServiceTest.java:48)
]]></failure>
  </testcase>
  <testcase name="shouldCalculateRegisteredAndBonusNotLimited" classname="BonusServiceTest" time="0.004"/>
</testsuite>